This is pdfTeX, Version 3.14159265-2.6-1.40.17 (TeX Live 2016) (preloaded format=pdflatex 2016.5.22)  1 MAY 2017 15:26
entering extended mode
 restricted \write18 enabled.
 file:line:error style messages enabled.
 %&-line parsing enabled.
**"Thesis Report.tex"
(./Thesis Report.tex
LaTeX2e <2016/03/31>
Babel <3.9r> and hyphenation patterns for 83 language(s) loaded.
(/Applications/TeX/packages/ucthesis-CA2012.cls

LaTeX Warning: You have requested document class `/Applications/TeX/packages/uc
thesis-CA2012',
               but the document class provides `ucthesis-CA2012'.

Document Class: ucthesis-CA2012 2012/05/08 Revision by Curtis Asplund of 1996/0
6/26 JTW's modification of 1994/10/31 v3.0 University of California Thesis Clas
s
(/usr/local/texlive/2016/texmf-dist/tex/latex/ucthesis/uct12.clo)
\c@part=\count79
\c@chapter=\count80
\c@section=\count81
\c@subsection=\count82
\c@subsubsection=\count83
\c@paragraph=\count84
\c@subparagraph=\count85
\abovecaptionskip=\skip41
\belowcaptionskip=\skip42
\c@figure=\count86
\c@table=\count87
LaTeX Info: Redefining \rm on input line 1079.
LaTeX Info: Redefining \sf on input line 1080.
LaTeX Info: Redefining \tt on input line 1081.
LaTeX Info: Redefining \bf on input line 1082.
LaTeX Info: Redefining \it on input line 1083.
LaTeX Info: Redefining \sl on input line 1084.
LaTeX Info: Redefining \sc on input line 1085.
)
(/usr/local/texlive/2016/texmf-dist/tex/latex/subfigure/subfigure.sty
Package: subfigure 2002/03/15 v2.1.5 subfigure package
\subfigtopskip=\skip43
\subfigcapskip=\skip44
\subfigcaptopadj=\dimen102
\subfigbottomskip=\skip45
\subfigcapmargin=\dimen103
\subfiglabelskip=\skip46
\c@subfigure=\count88
\c@lofdepth=\count89
\c@subtable=\count90
\c@lotdepth=\count91

****************************************
* Local config file subfigure.cfg used *
****************************************
(/usr/local/texlive/2016/texmf-dist/tex/latex/subfigure/subfigure.cfg)
\subfig@top=\skip47
\subfig@bottom=\skip48
)
(/usr/local/texlive/2016/texmf-dist/tex/latex/fancyhdr/fancyhdr.sty
\fancy@headwidth=\skip49
\f@ncyO@elh=\skip50
\f@ncyO@erh=\skip51
\f@ncyO@olh=\skip52
\f@ncyO@orh=\skip53
\f@ncyO@elf=\skip54
\f@ncyO@erf=\skip55
\f@ncyO@olf=\skip56
\f@ncyO@orf=\skip57
)
(/usr/local/texlive/2016/texmf-dist/tex/latex/hyperref/hyperref.sty
Package: hyperref 2016/05/05 v6.83n Hypertext links for LaTeX

(/usr/local/texlive/2016/texmf-dist/tex/generic/oberdiek/hobsub-hyperref.sty
Package: hobsub-hyperref 2016/05/16 v1.14 Bundle oberdiek, subset hyperref (HO)


(/usr/local/texlive/2016/texmf-dist/tex/generic/oberdiek/hobsub-generic.sty
Package: hobsub-generic 2016/05/16 v1.14 Bundle oberdiek, subset generic (HO)
Package: hobsub 2016/05/16 v1.14 Construct package bundles (HO)
Package: infwarerr 2016/05/16 v1.4 Providing info/warning/error messages (HO)
Package: ltxcmds 2016/05/16 v1.23 LaTeX kernel commands for general use (HO)
Package: ifluatex 2016/05/16 v1.4 Provides the ifluatex switch (HO)
Package ifluatex Info: LuaTeX not detected.
Package: ifvtex 2016/05/16 v1.6 Detect VTeX and its facilities (HO)
Package ifvtex Info: VTeX not detected.
Package: intcalc 2016/05/16 v1.2 Expandable calculations with integers (HO)
Package: ifpdf 2016/05/14 v3.1 Provides the ifpdf switch
Package: etexcmds 2016/05/16 v1.6 Avoid name clashes with e-TeX commands (HO)
Package etexcmds Info: Could not find \expanded.
(etexcmds)             That can mean that you are not using pdfTeX 1.50 or
(etexcmds)             that some package has redefined \expanded.
(etexcmds)             In the latter case, load this package earlier.
Package: kvsetkeys 2016/05/16 v1.17 Key value parser (HO)
Package: kvdefinekeys 2016/05/16 v1.4 Define keys (HO)
Package: pdftexcmds 2016/05/10 v0.21 Utility functions of pdfTeX for LuaTeX (HO
)
Package pdftexcmds Info: LuaTeX not detected.
Package pdftexcmds Info: \pdf@primitive is available.
Package pdftexcmds Info: \pdf@ifprimitive is available.
Package pdftexcmds Info: \pdfdraftmode found.
Package: pdfescape 2016/05/16 v1.14 Implements pdfTeX's escape features (HO)
Package: bigintcalc 2016/05/16 v1.4 Expandable calculations on big integers (HO
)
Package: bitset 2016/05/16 v1.2 Handle bit-vector datatype (HO)
Package: uniquecounter 2016/05/16 v1.3 Provide unlimited unique counter (HO)
)
Package hobsub Info: Skipping package `hobsub' (already loaded).
Package: letltxmacro 2016/05/16 v1.5 Let assignment for LaTeX macros (HO)
Package: hopatch 2016/05/16 v1.3 Wrapper for package hooks (HO)
Package: xcolor-patch 2016/05/16 xcolor patch
Package: atveryend 2016/05/16 v1.9 Hooks at the very end of document (HO)
Package atveryend Info: \enddocument detected (standard20110627).
Package: atbegshi 2016/05/16 v1.17 At begin shipout hook (HO)
Package: refcount 2016/05/16 v3.5 Data extraction from label references (HO)
Package: hycolor 2016/05/16 v1.8 Color options for hyperref/bookmark (HO)
)
(/usr/local/texlive/2016/texmf-dist/tex/latex/graphics/keyval.sty
Package: keyval 2014/10/28 v1.15 key=value parser (DPC)
\KV@toks@=\toks14
)
(/usr/local/texlive/2016/texmf-dist/tex/generic/ifxetex/ifxetex.sty
Package: ifxetex 2010/09/12 v0.6 Provides ifxetex conditional
)
(/usr/local/texlive/2016/texmf-dist/tex/latex/oberdiek/auxhook.sty
Package: auxhook 2016/05/16 v1.4 Hooks for auxiliary files (HO)
)
(/usr/local/texlive/2016/texmf-dist/tex/latex/oberdiek/kvoptions.sty
Package: kvoptions 2016/05/16 v3.12 Key value format for package options (HO)
)
\@linkdim=\dimen104
\Hy@linkcounter=\count92
\Hy@pagecounter=\count93

(/usr/local/texlive/2016/texmf-dist/tex/latex/hyperref/pd1enc.def
File: pd1enc.def 2016/05/05 v6.83n Hyperref: PDFDocEncoding definition (HO)
)
\Hy@SavedSpaceFactor=\count94

(/usr/local/texlive/2016/texmf-dist/tex/latex/latexconfig/hyperref.cfg
File: hyperref.cfg 2002/06/06 v1.2 hyperref configuration of TeXLive
)
Package hyperref Info: Option `final' set `true' on input line 4322.
Package hyperref Info: Hyper figures OFF on input line 4446.
Package hyperref Info: Link nesting OFF on input line 4451.
Package hyperref Info: Hyper index ON on input line 4454.
Package hyperref Info: Plain pages OFF on input line 4461.
Package hyperref Info: Backreferencing OFF on input line 4466.
Package hyperref Info: Implicit mode ON; LaTeX internals redefined.
Package hyperref Info: Bookmarks ON on input line 4691.
\c@Hy@tempcnt=\count95

(/usr/local/texlive/2016/texmf-dist/tex/latex/url/url.sty
\Urlmuskip=\muskip10
Package: url 2013/09/16  ver 3.4  Verb mode for urls, etc.
)
LaTeX Info: Redefining \url on input line 5044.
\XeTeXLinkMargin=\dimen105
\Fld@menulength=\count96
\Field@Width=\dimen106
\Fld@charsize=\dimen107
Package hyperref Info: Hyper figures OFF on input line 6298.
Package hyperref Info: Link nesting OFF on input line 6303.
Package hyperref Info: Hyper index ON on input line 6306.
Package hyperref Info: backreferencing OFF on input line 6313.
Package hyperref Info: Link coloring OFF on input line 6318.
Package hyperref Info: Link coloring with OCG OFF on input line 6323.
Package hyperref Info: PDF/A mode OFF on input line 6328.
LaTeX Info: Redefining \ref on input line 6368.
LaTeX Info: Redefining \pageref on input line 6372.
\Hy@abspage=\count97
\c@Item=\count98
\c@Hfootnote=\count99
)

Package hyperref Message: Driver (autodetected): hpdftex.

(/usr/local/texlive/2016/texmf-dist/tex/latex/hyperref/hpdftex.def
File: hpdftex.def 2016/05/05 v6.83n Hyperref driver for pdfTeX
\Fld@listcount=\count100
\c@bookmark@seq@number=\count101

(/usr/local/texlive/2016/texmf-dist/tex/latex/oberdiek/rerunfilecheck.sty
Package: rerunfilecheck 2016/05/16 v1.8 Rerun checks for auxiliary files (HO)
Package uniquecounter Info: New unique counter `rerunfilecheck' on input line 2
82.
)
\Hy@SectionHShift=\skip58
)
(/usr/local/texlive/2016/texmf-dist/tex/latex/amsmath/amsmath.sty
Package: amsmath 2016/03/10 v2.15b AMS math features
\@mathmargin=\skip59

For additional information on amsmath, use the `?' option.
(/usr/local/texlive/2016/texmf-dist/tex/latex/amsmath/amstext.sty
Package: amstext 2000/06/29 v2.01 AMS text

(/usr/local/texlive/2016/texmf-dist/tex/latex/amsmath/amsgen.sty
File: amsgen.sty 1999/11/30 v2.0 generic functions
\@emptytoks=\toks15
\ex@=\dimen108
))
(/usr/local/texlive/2016/texmf-dist/tex/latex/amsmath/amsbsy.sty
Package: amsbsy 1999/11/29 v1.2d Bold Symbols
\pmbraise@=\dimen109
)
(/usr/local/texlive/2016/texmf-dist/tex/latex/amsmath/amsopn.sty
Package: amsopn 2016/03/08 v2.02 operator names
)
\inf@bad=\count102
LaTeX Info: Redefining \frac on input line 199.
\uproot@=\count103
\leftroot@=\count104
LaTeX Info: Redefining \overline on input line 297.
\classnum@=\count105
\DOTSCASE@=\count106
LaTeX Info: Redefining \ldots on input line 394.
LaTeX Info: Redefining \dots on input line 397.
LaTeX Info: Redefining \cdots on input line 518.
\Mathstrutbox@=\box26
\strutbox@=\box27
\big@size=\dimen110
LaTeX Font Info:    Redeclaring font encoding OML on input line 634.
LaTeX Font Info:    Redeclaring font encoding OMS on input line 635.
\macc@depth=\count107
\c@MaxMatrixCols=\count108
\dotsspace@=\muskip11
\c@parentequation=\count109
\dspbrk@lvl=\count110
\tag@help=\toks16
\row@=\count111
\column@=\count112
\maxfields@=\count113
\andhelp@=\toks17
\eqnshift@=\dimen111
\alignsep@=\dimen112
\tagshift@=\dimen113
\tagwidth@=\dimen114
\totwidth@=\dimen115
\lineht@=\dimen116
\@envbody=\toks18
\multlinegap=\skip60
\multlinetaggap=\skip61
\mathdisplay@stack=\toks19
LaTeX Info: Redefining \[ on input line 2739.
LaTeX Info: Redefining \] on input line 2740.
)
(/usr/local/texlive/2016/texmf-dist/tex/latex/amsfonts/amssymb.sty
Package: amssymb 2013/01/14 v3.01 AMS font symbols

(/usr/local/texlive/2016/texmf-dist/tex/latex/amsfonts/amsfonts.sty
Package: amsfonts 2013/01/14 v3.01 Basic AMSFonts support
\symAMSa=\mathgroup4
\symAMSb=\mathgroup5
LaTeX Font Info:    Overwriting math alphabet `\mathfrak' in version `bold'
(Font)                  U/euf/m/n --> U/euf/b/n on input line 106.
))
(/usr/local/texlive/2016/texmf-dist/tex/latex/graphics/graphicx.sty
Package: graphicx 2014/10/28 v1.0g Enhanced LaTeX Graphics (DPC,SPQR)

(/usr/local/texlive/2016/texmf-dist/tex/latex/graphics/graphics.sty
Package: graphics 2016/05/09 v1.0r Standard LaTeX Graphics (DPC,SPQR)

(/usr/local/texlive/2016/texmf-dist/tex/latex/graphics/trig.sty
Package: trig 2016/01/03 v1.10 sin cos tan (DPC)
)
(/usr/local/texlive/2016/texmf-dist/tex/latex/graphics-cfg/graphics.cfg
File: graphics.cfg 2016/01/02 v1.10 sample graphics configuration
)
Package graphics Info: Driver file: pdftex.def on input line 96.

(/usr/local/texlive/2016/texmf-dist/tex/latex/pdftex-def/pdftex.def
File: pdftex.def 2011/05/27 v0.06d Graphics/color for pdfTeX
\Gread@gobject=\count114
))
\Gin@req@height=\dimen117
\Gin@req@width=\dimen118
)
(/usr/local/texlive/2016/texmf-dist/tex/latex/tools/xspace.sty
Package: xspace 2014/10/28 v1.13 Space after command names (DPC,MH)
)
(/usr/local/texlive/2016/texmf-dist/tex/latex/braket/braket.sty)
(/usr/local/texlive/2016/texmf-dist/tex/latex/graphics/color.sty
Package: color 2016/05/09 v1.1c Standard LaTeX Color (DPC)

(/usr/local/texlive/2016/texmf-dist/tex/latex/graphics-cfg/color.cfg
File: color.cfg 2016/01/02 v1.6 sample color configuration
)
Package color Info: Driver file: pdftex.def on input line 144.
)
(/usr/local/texlive/2016/texmf-dist/tex/latex/setspace/setspace.sty
Package: setspace 2011/12/19 v6.7a set line spacing
)
(/usr/local/texlive/2016/texmf-dist/tex/latex/listings/listings.sty
\lst@mode=\count115
\lst@gtempboxa=\box28
\lst@token=\toks20
\lst@length=\count116
\lst@currlwidth=\dimen119
\lst@column=\count117
\lst@pos=\count118
\lst@lostspace=\dimen120
\lst@width=\dimen121
\lst@newlines=\count119
\lst@lineno=\count120
\lst@maxwidth=\dimen122

(/usr/local/texlive/2016/texmf-dist/tex/latex/listings/lstmisc.sty
File: lstmisc.sty 2015/06/04 1.6 (Carsten Heinz)
\c@lstnumber=\count121
\lst@skipnumbers=\count122
\lst@framebox=\box29
)
(/usr/local/texlive/2016/texmf-dist/tex/latex/listings/listings.cfg
File: listings.cfg 2015/06/04 1.6 listings configuration
))
Package: listings 2015/06/04 1.6 (Carsten Heinz)

(/usr/local/texlive/2016/texmf-dist/tex/latex/tools/dcolumn.sty
Package: dcolumn 2014/10/28 v1.06 decimal alignment package (DPC)

(/usr/local/texlive/2016/texmf-dist/tex/latex/tools/array.sty
Package: array 2014/10/28 v2.4c Tabular extension package (FMi)
\col@sep=\dimen123
\extrarowheight=\dimen124
\NC@list=\toks21
\extratabsurround=\skip62
\backup@length=\skip63
))
(./Thesis Report.aux)
\openout1 = `"Thesis Report.aux"'.

LaTeX Font Info:    Checking defaults for OML/cmm/m/it on input line 58.
LaTeX Font Info:    ... okay on input line 58.
LaTeX Font Info:    Checking defaults for T1/cmr/m/n on input line 58.
LaTeX Font Info:    ... okay on input line 58.
LaTeX Font Info:    Checking defaults for OT1/cmr/m/n on input line 58.
LaTeX Font Info:    ... okay on input line 58.
LaTeX Font Info:    Checking defaults for OMS/cmsy/m/n on input line 58.
LaTeX Font Info:    ... okay on input line 58.
LaTeX Font Info:    Checking defaults for OMX/cmex/m/n on input line 58.
LaTeX Font Info:    ... okay on input line 58.
LaTeX Font Info:    Checking defaults for U/cmr/m/n on input line 58.
LaTeX Font Info:    ... okay on input line 58.
LaTeX Font Info:    Checking defaults for PD1/pdf/m/n on input line 58.
LaTeX Font Info:    ... okay on input line 58.
\AtBeginShipoutBox=\box30
Package hyperref Info: Link coloring OFF on input line 58.

(/usr/local/texlive/2016/texmf-dist/tex/latex/hyperref/nameref.sty
Package: nameref 2012/10/27 v2.43 Cross-referencing by name of section

(/usr/local/texlive/2016/texmf-dist/tex/generic/oberdiek/gettitlestring.sty
Package: gettitlestring 2016/05/16 v1.5 Cleanup title references (HO)
)
\c@section@level=\count123
)
LaTeX Info: Redefining \ref on input line 58.
LaTeX Info: Redefining \pageref on input line 58.
LaTeX Info: Redefining \nameref on input line 58.

(./Thesis Report.out) (./Thesis Report.out)
\@outlinefile=\write3
\openout3 = `"Thesis Report.out"'.


(/usr/local/texlive/2016/texmf-dist/tex/context/base/mkii/supp-pdf.mkii
[Loading MPS to PDF converter (version 2006.09.02).]
\scratchcounter=\count124
\scratchdimen=\dimen125
\scratchbox=\box31
\nofMPsegments=\count125
\nofMParguments=\count126
\everyMPshowfont=\toks22
\MPscratchCnt=\count127
\MPscratchDim=\dimen126
\MPnumerator=\count128
\makeMPintoPDFobject=\count129
\everyMPtoPDFconversion=\toks23
) (/usr/local/texlive/2016/texmf-dist/tex/latex/oberdiek/epstopdf-base.sty
Package: epstopdf-base 2016/05/15 v2.6 Base part for package epstopdf

(/usr/local/texlive/2016/texmf-dist/tex/latex/oberdiek/grfext.sty
Package: grfext 2016/05/16 v1.2 Manage graphics extensions (HO)
)
Package grfext Info: Graphics extension search list:
(grfext)             [.png,.pdf,.jpg,.mps,.jpeg,.jbig2,.jb2,.PNG,.PDF,.JPG,.JPE
G,.JBIG2,.JB2,.eps]
(grfext)             \AppendGraphicsExtensions on input line 456.

(/usr/local/texlive/2016/texmf-dist/tex/latex/latexconfig/epstopdf-sys.cfg
File: epstopdf-sys.cfg 2010/07/13 v1.3 Configuration of (r)epstopdf for TeX Liv
e
))
\c@lstlisting=\count130

(/Users/meganchang/Desktop/Thesis/tex/title.tex)
Underfull \hbox (badness 10000) in paragraph at lines 63--63

 []

[1{/usr/local/texlive/2016/texmf-var/fonts/map/pdftex/updmap/pdftex.map}]
LaTeX Font Info:    Try loading font information for U+msa on input line 63.

(/usr/local/texlive/2016/texmf-dist/tex/latex/amsfonts/umsa.fd
File: umsa.fd 2013/01/14 v3.01 AMS symbols A
)
LaTeX Font Info:    Try loading font information for U+msb on input line 63.

(/usr/local/texlive/2016/texmf-dist/tex/latex/amsfonts/umsb.fd
File: umsb.fd 2013/01/14 v3.01 AMS symbols B
) [2]
LaTeX Font Info:    Try loading font information for OMS+cmr on input line 64.

(/usr/local/texlive/2016/texmf-dist/tex/latex/base/omscmr.fd
File: omscmr.fd 2014/09/29 v2.5h Standard LaTeX font definitions
)
LaTeX Font Info:    Font shape `OMS/cmr/m/n' in size <12> not available
(Font)              Font shape `OMS/cmsy/m/n' tried instead on input line 64.

(/Users/meganchang/Desktop/Thesis/tex/acknowledgements.tex [3

])
(/Users/meganchang/Desktop/Thesis/tex/abstract.tex [4

]) [5

]
(./Thesis Report.toc)
\tf@toc=\write4
\openout4 = `"Thesis Report.toc"'.

 [6

] (./Thesis Report.lof)
\tf@lof=\write5
\openout5 = `"Thesis Report.lof"'.

 [7

] (./Thesis Report.lot)
\tf@lot=\write6
\openout6 = `"Thesis Report.lot"'.


[8

]

Package Fancyhdr Warning: \fancyhead's `E' option without twoside option is use
less on input line 83.

Chapter 1.
[1


] [2] [3] [4] [5] [6] [7]
Chapter 2.

</Users/meganchang/Desktop/Thesis/images/Level_Set_1.png, id=302, 621.32124pt x
 473.77pt>
File: /Users/meganchang/Desktop/Thesis/images/Level_Set_1.png Graphic file (typ
e png)
 <use /Users/meganchang/Desktop/Thesis/images/Level_Set_1.png>
Package pdftex.def Info: /Users/meganchang/Desktop/Thesis/images/Level_Set_1.pn
g used on input line 200.
(pdftex.def)             Requested size: 186.6724pt x 142.34174pt.

</Users/meganchang/Desktop/Thesis/images/Level_Set_2.png, id=304, 616.3025pt x 
469.755pt>
File: /Users/meganchang/Desktop/Thesis/images/Level_Set_2.png Graphic file (typ
e png)
 <use /Users/meganchang/Desktop/Thesis/images/Level_Set_2.png>
Package pdftex.def Info: /Users/meganchang/Desktop/Thesis/images/Level_Set_2.pn
g used on input line 201.
(pdftex.def)             Requested size: 186.6724pt x 142.28232pt.

</Users/meganchang/Desktop/Thesis/images/Level_Set_3.png, id=305, 627.34375pt x
 471.7625pt>
File: /Users/meganchang/Desktop/Thesis/images/Level_Set_3.png Graphic file (typ
e png)
 <use /Users/meganchang/Desktop/Thesis/images/Level_Set_3.png>
Package pdftex.def Info: /Users/meganchang/Desktop/Thesis/images/Level_Set_3.pn
g used on input line 202.
(pdftex.def)             Requested size: 186.6724pt x 140.37807pt.

</Users/meganchang/Desktop/Thesis/images/Level_Set_4.png, id=306, 636.3775pt x 
474.77374pt>
File: /Users/meganchang/Desktop/Thesis/images/Level_Set_4.png Graphic file (typ
e png)
 <use /Users/meganchang/Desktop/Thesis/images/Level_Set_4.png>
Package pdftex.def Info: /Users/meganchang/Desktop/Thesis/images/Level_Set_4.pn
g used on input line 203.
(pdftex.def)             Requested size: 186.6724pt x 139.2674pt.

</Users/meganchang/Desktop/Thesis/images/Level_Set_5.png, id=307, 628.3475pt x 
479.7925pt>
File: /Users/meganchang/Desktop/Thesis/images/Level_Set_5.png Graphic file (typ
e png)
 <use /Users/meganchang/Desktop/Thesis/images/Level_Set_5.png>
Package pdftex.def Info: /Users/meganchang/Desktop/Thesis/images/Level_Set_5.pn
g used on input line 204.
(pdftex.def)             Requested size: 186.6724pt x 142.5332pt.

</Users/meganchang/Desktop/Thesis/images/Level_Set_6.png, id=308, 629.35126pt x
 475.7775pt>
File: /Users/meganchang/Desktop/Thesis/images/Level_Set_6.png Graphic file (typ
e png)
 <use /Users/meganchang/Desktop/Thesis/images/Level_Set_6.png>
Package pdftex.def Info: /Users/meganchang/Desktop/Thesis/images/Level_Set_6.pn
g used on input line 205.
(pdftex.def)             Requested size: 186.6724pt x 141.11542pt.


LaTeX Warning: `!h' float specifier changed to `!ht'.


</Users/meganchang/Desktop/Thesis/images/Level_Set_07.png, id=309, 629.35126pt 
x 472.76625pt>
File: /Users/meganchang/Desktop/Thesis/images/Level_Set_07.png Graphic file (ty
pe png)
 <use /Users/meganchang/Desktop/Thesis/images/Level_Set_07.png>
Package pdftex.def Info: /Users/meganchang/Desktop/Thesis/images/Level_Set_07.p
ng used on input line 212.
(pdftex.def)             Requested size: 186.6724pt x 140.22227pt.

</Users/meganchang/Desktop/Thesis/images/Level_Set_08.png, id=310, 619.31375pt 
x 452.69125pt>
File: /Users/meganchang/Desktop/Thesis/images/Level_Set_08.png Graphic file (ty
pe png)
 <use /Users/meganchang/Desktop/Thesis/images/Level_Set_08.png>
Package pdftex.def Info: /Users/meganchang/Desktop/Thesis/images/Level_Set_08.p
ng used on input line 213.
(pdftex.def)             Requested size: 186.6724pt x 136.45082pt.

</Users/meganchang/Desktop/Thesis/images/Level_Set_05.png, id=311, 630.355pt x 
468.75125pt>
File: /Users/meganchang/Desktop/Thesis/images/Level_Set_05.png Graphic file (ty
pe png)
 <use /Users/meganchang/Desktop/Thesis/images/Level_Set_05.png>
Package pdftex.def Info: /Users/meganchang/Desktop/Thesis/images/Level_Set_05.p
ng used on input line 214.
(pdftex.def)             Requested size: 186.6724pt x 138.81685pt.

</Users/meganchang/Desktop/Thesis/images/Level_Set_06.png, id=312, 613.29124pt 
x 462.72874pt>
File: /Users/meganchang/Desktop/Thesis/images/Level_Set_06.png Graphic file (ty
pe png)
 <use /Users/meganchang/Desktop/Thesis/images/Level_Set_06.png>
Package pdftex.def Info: /Users/meganchang/Desktop/Thesis/images/Level_Set_06.p
ng used on input line 215.
(pdftex.def)             Requested size: 186.6724pt x 140.8461pt.

</Users/meganchang/Desktop/Thesis/images/Level_Set_03.png, id=313, 643.40375pt 
x 467.7475pt>
File: /Users/meganchang/Desktop/Thesis/images/Level_Set_03.png Graphic file (ty
pe png)
 <use /Users/meganchang/Desktop/Thesis/images/Level_Set_03.png>
Package pdftex.def Info: /Users/meganchang/Desktop/Thesis/images/Level_Set_03.p
ng used on input line 216.
(pdftex.def)             Requested size: 186.6724pt x 135.70752pt.

</Users/meganchang/Desktop/Thesis/images/Level_Set_04.png, id=314, 624.3325pt x
 464.73625pt>
File: /Users/meganchang/Desktop/Thesis/images/Level_Set_04.png Graphic file (ty
pe png)
 <use /Users/meganchang/Desktop/Thesis/images/Level_Set_04.png>
Package pdftex.def Info: /Users/meganchang/Desktop/Thesis/images/Level_Set_04.p
ng used on input line 217.
(pdftex.def)             Requested size: 186.6724pt x 138.95392pt.


LaTeX Warning: `!h' float specifier changed to `!ht'.

[8

]

LaTeX Warning: Text page 9 contains only floats.

[9 </Users/meganchang/Desktop/Thesis/images/Level_Set_1.png> </Users/meganchang
/Desktop/Thesis/images/Level_Set_2.png> </Users/meganchang/Desktop/Thesis/image
s/Level_Set_3.png> </Users/meganchang/Desktop/Thesis/images/Level_Set_4.png> </
Users/meganchang/Desktop/Thesis/images/Level_Set_5.png> </Users/meganchang/Desk
top/Thesis/images/Level_Set_6.png>]

LaTeX Warning: Text page 10 contains only floats.

[10 </Users/meganchang/Desktop/Thesis/images/Level_Set_07.png> </Users/megancha
ng/Desktop/Thesis/images/Level_Set_08.png> </Users/meganchang/Desktop/Thesis/im
ages/Level_Set_05.png> </Users/meganchang/Desktop/Thesis/images/Level_Set_06.pn
g> </Users/meganchang/Desktop/Thesis/images/Level_Set_03.png> </Users/meganchan
g/Desktop/Thesis/images/Level_Set_04.png>] [11] [12] [13]
</Users/meganchang/Desktop/Thesis/images/Reinitialize_zero_level_set_1.png, id=
379, 615.29875pt x 597.23125pt>
File: /Users/meganchang/Desktop/Thesis/images/Reinitialize_zero_level_set_1.png
 Graphic file (type png)

<use /Users/meganchang/Desktop/Thesis/images/Reinitialize_zero_level_set_1.png>
Package pdftex.def Info: /Users/meganchang/Desktop/Thesis/images/Reinitialize_z
ero_level_set_1.png used on input line 313.
(pdftex.def)             Requested size: 213.33891pt x 207.06566pt.

</Users/meganchang/Desktop/Thesis/images/Reinitialize_zero_level_set_2.png, id=
380, 594.22pt x 597.23125pt>
File: /Users/meganchang/Desktop/Thesis/images/Reinitialize_zero_level_set_2.png
 Graphic file (type png)

<use /Users/meganchang/Desktop/Thesis/images/Reinitialize_zero_level_set_2.png>
Package pdftex.def Info: /Users/meganchang/Desktop/Thesis/images/Reinitialize_z
ero_level_set_2.png used on input line 314.
(pdftex.def)             Requested size: 213.33891pt x 214.41985pt.

</Users/meganchang/Desktop/Thesis/images/Noisy_1.png, id=382, 620.3175pt x 459.
7175pt>
File: /Users/meganchang/Desktop/Thesis/images/Noisy_1.png Graphic file (type pn
g)
 <use /Users/meganchang/Desktop/Thesis/images/Noisy_1.png>
Package pdftex.def Info: /Users/meganchang/Desktop/Thesis/images/Noisy_1.png us
ed on input line 321.
(pdftex.def)             Requested size: 213.33891pt x 158.10466pt.

</Users/meganchang/Desktop/Thesis/images/Reinitialize_After_1.png, id=383, 748.
7975pt x 559.08875pt>
File: /Users/meganchang/Desktop/Thesis/images/Reinitialize_After_1.png Graphic 
file (type png)

<use /Users/meganchang/Desktop/Thesis/images/Reinitialize_After_1.png>
Package pdftex.def Info: /Users/meganchang/Desktop/Thesis/images/Reinitialize_A
fter_1.png used on input line 322.
(pdftex.def)             Requested size: 213.33891pt x 159.29076pt.
 [14]

LaTeX Warning: `!h' float specifier changed to `!ht'.

[15 </Users/meganchang/Desktop/Thesis/images/Reinitialize_zero_level_set_1.png>
 </Users/meganchang/Desktop/Thesis/images/Reinitialize_zero_level_set_2.png>]
[16 </Users/meganchang/Desktop/Thesis/images/Noisy_1.png> </Users/meganchang/De
sktop/Thesis/images/Reinitialize_After_1.png>]
Chapter 3.
[17

] [18] [19]
./Thesis Report.tex:409: Missing { inserted.
<to be read again> 
                   \mskip 
l.409 ...u_{i,j}^{n+1}$ in a vector $\vec{u}_p^ \>
                                                   {n+1}$, where
? s
OK, entering \scrollmode...
./Thesis Report.tex:409: Missing } inserted.
<inserted text> 
                }
l.409 ...^{n+1}$ in a vector $\vec{u}_p^ \> {n+1}$
                                                  , where
I've inserted something that you may have forgotten.
(See the <inserted text> above.)
With luck, this will get me unwedged. But if you
really didn't forget anything, try typing `2' now; then
my insertion and my current dilemma will both disappear.

./Thesis Report.tex:414: Missing { inserted.
<to be read again> 
                   \mskip 
l.414 ...index of $u$ in the vector $\vec{u}_p^ \>
                                                   {n+1}$.
A left brace was mandatory here, so I've put one in.
You might want to delete and/or insert some corrections
so that I will find a matching right brace soon.
(If you're confused by all this, try typing `I}' now.)

./Thesis Report.tex:414: Missing } inserted.
<inserted text> 
                }
l.414 ...f $u$ in the vector $\vec{u}_p^ \> {n+1}$
                                                  .
I've inserted something that you may have forgotten.
(See the <inserted text> above.)
With luck, this will get me unwedged. But if you
really didn't forget anything, try typing `2' now; then
my insertion and my current dilemma will both disappear.

./Thesis Report.tex:416: Missing { inserted.
<to be read again> 
                   \mskip 
l.416 ...on of points in our vector $\vec{u}_p^ \>
                                                   {n+1}$. Consider, for exa...
A left brace was mandatory here, so I've put one in.
You might want to delete and/or insert some corrections
so that I will find a matching right brace soon.
(If you're confused by all this, try typing `I}' now.)

./Thesis Report.tex:416: Missing } inserted.
<inserted text> 
                }
l.416 ...oints in our vector $\vec{u}_p^ \> {n+1}$
                                                  . Consider, for example, i...
I've inserted something that you may have forgotten.
(See the <inserted text> above.)
With luck, this will get me unwedged. But if you
really didn't forget anything, try typing `2' now; then
my insertion and my current dilemma will both disappear.

./Thesis Report.tex:416: Missing { inserted.
<to be read again> 
                   \mskip 
l.416 ...very element in the vector $\vec{u}_p^ \>
                                                   {n+1}$ would now be locat...
A left brace was mandatory here, so I've put one in.
You might want to delete and/or insert some corrections
so that I will find a matching right brace soon.
(If you're confused by all this, try typing `I}' now.)

./Thesis Report.tex:416: Missing } inserted.
<inserted text> 
                }
l.416 ...ement in the vector $\vec{u}_p^ \> {n+1}$
                                                   would now be located at $...
I've inserted something that you may have forgotten.
(See the <inserted text> above.)
With luck, this will get me unwedged. But if you
really didn't forget anything, try typing `2' now; then
my insertion and my current dilemma will both disappear.

./Thesis Report.tex:416: Missing { inserted.
<to be read again> 
                   \mskip 
l.416 ...m in our nontrivial vector $\vec{u}_p^ \>
                                                   {n+1}$.
A left brace was mandatory here, so I've put one in.
You might want to delete and/or insert some corrections
so that I will find a matching right brace soon.
(If you're confused by all this, try typing `I}' now.)

./Thesis Report.tex:416: Missing } inserted.
<inserted text> 
                }
l.416 ...r nontrivial vector $\vec{u}_p^ \> {n+1}$
                                                  .
I've inserted something that you may have forgotten.
(See the <inserted text> above.)
With luck, this will get me unwedged. But if you
really didn't forget anything, try typing `2' now; then
my insertion and my current dilemma will both disappear.

[20

] [21]
</Users/meganchang/Desktop/Thesis/images/Ghost_Node_2.png, id=440, 587.19376pt 
x 502.87875pt>
File: /Users/meganchang/Desktop/Thesis/images/Ghost_Node_2.png Graphic file (ty
pe png)
 <use /Users/meganchang/Desktop/Thesis/images/Ghost_Node_2.png>
Package pdftex.def Info: /Users/meganchang/Desktop/Thesis/images/Ghost_Node_2.p
ng used on input line 442.
(pdftex.def)             Requested size: 186.6724pt x 159.86557pt.

[22 </Users/meganchang/Desktop/Thesis/images/Ghost_Node_2.png>] [23] [24]
</Users/meganchang/Desktop/Thesis/images/Diffusion_Plot3_Circle.png, id=486, 76
9.87625pt x 585.18625pt>
File: /Users/meganchang/Desktop/Thesis/images/Diffusion_Plot3_Circle.png Graphi
c file (type png)

<use /Users/meganchang/Desktop/Thesis/images/Diffusion_Plot3_Circle.png>
Package pdftex.def Info: /Users/meganchang/Desktop/Thesis/images/Diffusion_Plot
3_Circle.png used on input line 525.
(pdftex.def)             Requested size: 213.33891pt x 162.15448pt.

</Users/meganchang/Desktop/Thesis/images/Diffusion_Plot3_Diamond.png, id=487, 7
69.87625pt x 587.19376pt>
File: /Users/meganchang/Desktop/Thesis/images/Diffusion_Plot3_Diamond.png Graph
ic file (type png)

<use /Users/meganchang/Desktop/Thesis/images/Diffusion_Plot3_Diamond.png>
Package pdftex.def Info: /Users/meganchang/Desktop/Thesis/images/Diffusion_Plot
3_Diamond.png used on input line 526.
(pdftex.def)             Requested size: 213.33891pt x 162.71075pt.

</Users/meganchang/Desktop/Thesis/images/Diffusion_Plot3_Flower.png, id=488, 76
7.86874pt x 586.19pt>
File: /Users/meganchang/Desktop/Thesis/images/Diffusion_Plot3_Flower.png Graphi
c file (type png)

<use /Users/meganchang/Desktop/Thesis/images/Diffusion_Plot3_Flower.png>
Package pdftex.def Info: /Users/meganchang/Desktop/Thesis/images/Diffusion_Plot
3_Flower.png used on input line 527.
(pdftex.def)             Requested size: 213.33891pt x 162.86195pt.

</Users/meganchang/Desktop/Thesis/images/Diffusion_Plot3_Crazy.png, id=489, 770
.88pt x 586.19pt>
File: /Users/meganchang/Desktop/Thesis/images/Diffusion_Plot3_Crazy.png Graphic
 file (type png)

<use /Users/meganchang/Desktop/Thesis/images/Diffusion_Plot3_Crazy.png>
Package pdftex.def Info: /Users/meganchang/Desktop/Thesis/images/Diffusion_Plot
3_Crazy.png used on input line 528.
(pdftex.def)             Requested size: 213.33891pt x 162.2269pt.


LaTeX Warning: `!h' float specifier changed to `!ht'.

[25] [26 </Users/meganchang/Desktop/Thesis/images/Diffusion_Plot3_Circle.png> <
/Users/meganchang/Desktop/Thesis/images/Diffusion_Plot3_Diamond.png> </Users/me
ganchang/Desktop/Thesis/images/Diffusion_Plot3_Flower.png> </Users/meganchang/D
esktop/Thesis/images/Diffusion_Plot3_Crazy.png>] [27

]
Chapter 4.
[28

] [29] [30] [31]
Overfull \hbox (5.25018pt too wide) in paragraph at lines 682--683
[]\OT1/cmr/m/n/12 Figure []4.1[] demon-strates vi-su-ally what this third-order
 ex-trap-o-la-tion method achieves. 
 []


</Users/meganchang/Desktop/Thesis/images/Extrapolate_Before.png, id=544, 656.45
25pt x 483.8075pt>
File: /Users/meganchang/Desktop/Thesis/images/Extrapolate_Before.png Graphic fi
le (type png)

<use /Users/meganchang/Desktop/Thesis/images/Extrapolate_Before.png>
Package pdftex.def Info: /Users/meganchang/Desktop/Thesis/images/Extrapolate_Be
fore.png used on input line 687.
(pdftex.def)             Requested size: 195.5635pt x 144.13199pt.

</Users/meganchang/Desktop/Thesis/images/Extrapolate_After.png, id=545, 651.433
75pt x 485.815pt>
File: /Users/meganchang/Desktop/Thesis/images/Extrapolate_After.png Graphic fil
e (type png)

<use /Users/meganchang/Desktop/Thesis/images/Extrapolate_After.png>
Package pdftex.def Info: /Users/meganchang/Desktop/Thesis/images/Extrapolate_Af
ter.png used on input line 688.
(pdftex.def)             Requested size: 195.5635pt x 145.84198pt.

</Users/meganchang/Desktop/Thesis/images/Extrapolate_After30.png, id=546, 626.3
4pt x 479.7925pt>
File: /Users/meganchang/Desktop/Thesis/images/Extrapolate_After30.png Graphic f
ile (type png)

<use /Users/meganchang/Desktop/Thesis/images/Extrapolate_After30.png>
Package pdftex.def Info: /Users/meganchang/Desktop/Thesis/images/Extrapolate_Af
ter30.png used on input line 689.
(pdftex.def)             Requested size: 195.5635pt x 149.803pt.


LaTeX Warning: `!h' float specifier changed to `!ht'.

[32]

LaTeX Warning: Text page 33 contains only floats.

[33 </Users/meganchang/Desktop/Thesis/images/Extrapolate_Before.png> </Users/me
ganchang/Desktop/Thesis/images/Extrapolate_After.png> </Users/meganchang/Deskto
p/Thesis/images/Extrapolate_After30.png>]
</Users/meganchang/Desktop/Thesis/images/Iterations_Circle_1.png, id=564, 755.8
2375pt x 585.18625pt>
File: /Users/meganchang/Desktop/Thesis/images/Iterations_Circle_1.png Graphic f
ile (type png)

<use /Users/meganchang/Desktop/Thesis/images/Iterations_Circle_1.png>
Package pdftex.def Info: /Users/meganchang/Desktop/Thesis/images/Iterations_Cir
cle_1.png used on input line 700.
(pdftex.def)             Requested size: 133.33937pt x 103.2306pt.

</Users/meganchang/Desktop/Thesis/images/Iterations_Circle_inf.png, id=565, 741
.77126pt x 584.1825pt>
File: /Users/meganchang/Desktop/Thesis/images/Iterations_Circle_inf.png Graphic
 file (type png)

<use /Users/meganchang/Desktop/Thesis/images/Iterations_Circle_inf.png>
Package pdftex.def Info: /Users/meganchang/Desktop/Thesis/images/Iterations_Cir
cle_inf.png used on input line 701.
(pdftex.def)             Requested size: 133.33937pt x 105.00568pt.

</Users/meganchang/Desktop/Thesis/images/Iterations_Diamond_1.png, id=566, 752.
8125pt x 585.18625pt>
File: /Users/meganchang/Desktop/Thesis/images/Iterations_Diamond_1.png Graphic 
file (type png)

<use /Users/meganchang/Desktop/Thesis/images/Iterations_Diamond_1.png>
Package pdftex.def Info: /Users/meganchang/Desktop/Thesis/images/Iterations_Dia
mond_1.png used on input line 702.
(pdftex.def)             Requested size: 133.33937pt x 103.65028pt.

</Users/meganchang/Desktop/Thesis/images/Iterations_Diamond_inf.png, id=567, 70
9.65125pt x 581.17125pt>
File: /Users/meganchang/Desktop/Thesis/images/Iterations_Diamond_inf.png Graphi
c file (type png)

<use /Users/meganchang/Desktop/Thesis/images/Iterations_Diamond_inf.png>
Package pdftex.def Info: /Users/meganchang/Desktop/Thesis/images/Iterations_Dia
mond_inf.png used on input line 703.
(pdftex.def)             Requested size: 133.33937pt x 109.1999pt.

</Users/meganchang/Desktop/Thesis/images/Iterations_Flower_1.png, id=568, 739.7
6375pt x 582.175pt>
File: /Users/meganchang/Desktop/Thesis/images/Iterations_Flower_1.png Graphic f
ile (type png)

<use /Users/meganchang/Desktop/Thesis/images/Iterations_Flower_1.png>
Package pdftex.def Info: /Users/meganchang/Desktop/Thesis/images/Iterations_Flo
wer_1.png used on input line 704.
(pdftex.def)             Requested size: 133.33937pt x 104.92911pt.

</Users/meganchang/Desktop/Thesis/images/Iterations_Flower_inf.png, id=569, 724
.7075pt x 581.17125pt>
File: /Users/meganchang/Desktop/Thesis/images/Iterations_Flower_inf.png Graphic
 file (type png)

<use /Users/meganchang/Desktop/Thesis/images/Iterations_Flower_inf.png>
Package pdftex.def Info: /Users/meganchang/Desktop/Thesis/images/Iterations_Flo
wer_inf.png used on input line 705.
(pdftex.def)             Requested size: 133.33937pt x 106.9297pt.

</Users/meganchang/Desktop/Thesis/images/Iterations_Crazy_1.png, id=570, 751.80
875pt x 583.17876pt>
File: /Users/meganchang/Desktop/Thesis/images/Iterations_Crazy_1.png Graphic fi
le (type png)

<use /Users/meganchang/Desktop/Thesis/images/Iterations_Crazy_1.png>
Package pdftex.def Info: /Users/meganchang/Desktop/Thesis/images/Iterations_Cra
zy_1.png used on input line 706.
(pdftex.def)             Requested size: 133.33937pt x 103.42819pt.

</Users/meganchang/Desktop/Thesis/images/Iterations_Crazy_inf.png, id=571, 724.
7075pt x 585.18625pt>
File: /Users/meganchang/Desktop/Thesis/images/Iterations_Crazy_inf.png Graphic 
file (type png)

<use /Users/meganchang/Desktop/Thesis/images/Iterations_Crazy_inf.png>
Package pdftex.def Info: /Users/meganchang/Desktop/Thesis/images/Iterations_Cra
zy_inf.png used on input line 707.
(pdftex.def)             Requested size: 133.33937pt x 107.66843pt.


LaTeX Warning: `!h' float specifier changed to `!ht'.


</Users/meganchang/Desktop/Thesis/images/Third_Order_Error_Plot_1.png, id=575, 
773.89125pt x 549.05125pt>
File: /Users/meganchang/Desktop/Thesis/images/Third_Order_Error_Plot_1.png Grap
hic file (type png)

<use /Users/meganchang/Desktop/Thesis/images/Third_Order_Error_Plot_1.png>
Package pdftex.def Info: /Users/meganchang/Desktop/Thesis/images/Third_Order_Er
ror_Plot_1.png used on input line 719.
(pdftex.def)             Requested size: 213.33891pt x 151.35399pt.
File: /Users/meganchang/Desktop/Thesis/images/Third_Order_Error_Plot_1.png Grap
hic file (type png)

<use /Users/meganchang/Desktop/Thesis/images/Third_Order_Error_Plot_1.png>
Package pdftex.def Info: /Users/meganchang/Desktop/Thesis/images/Third_Order_Er
ror_Plot_1.png used on input line 720.
(pdftex.def)             Requested size: 213.33891pt x 151.35399pt.


LaTeX Warning: `!h' float specifier changed to `!ht'.


LaTeX Warning: `!h' float specifier changed to `!ht'.


LaTeX Warning: `!h' float specifier changed to `!ht'.


LaTeX Warning: `!h' float specifier changed to `!ht'.

[34]

LaTeX Warning: Text page 35 contains only floats.

[35 </Users/meganchang/Desktop/Thesis/images/Iterations_Circle_1.png> </Users/m
eganchang/Desktop/Thesis/images/Iterations_Circle_inf.png> </Users/meganchang/D
esktop/Thesis/images/Iterations_Diamond_1.png> </Users/meganchang/Desktop/Thesi
s/images/Iterations_Diamond_inf.png> </Users/meganchang/Desktop/Thesis/images/I
terations_Flower_1.png> </Users/meganchang/Desktop/Thesis/images/Iterations_Flo
wer_inf.png> </Users/meganchang/Desktop/Thesis/images/Iterations_Crazy_1.png> <
/Users/meganchang/Desktop/Thesis/images/Iterations_Crazy_inf.png>] [36 </Users/
meganchang/Desktop/Thesis/images/Third_Order_Error_Plot_1.png>]
</Users/meganchang/Desktop/Thesis/images/Constant_Extrapolation_1.png, id=611, 
626.34pt x 426.59375pt>
File: /Users/meganchang/Desktop/Thesis/images/Constant_Extrapolation_1.png Grap
hic file (type png)

<use /Users/meganchang/Desktop/Thesis/images/Constant_Extrapolation_1.png>
Package pdftex.def Info: /Users/meganchang/Desktop/Thesis/images/Constant_Extra
polation_1.png used on input line 787.
(pdftex.def)             Requested size: 213.33891pt x 145.30032pt.

</Users/meganchang/Desktop/Thesis/images/Constant_Extrapolation_2.png, id=612, 
618.31pt x 419.5675pt>
File: /Users/meganchang/Desktop/Thesis/images/Constant_Extrapolation_2.png Grap
hic file (type png)

<use /Users/meganchang/Desktop/Thesis/images/Constant_Extrapolation_2.png>
Package pdftex.def Info: /Users/meganchang/Desktop/Thesis/images/Constant_Extra
polation_2.png used on input line 788.
(pdftex.def)             Requested size: 213.33891pt x 144.76373pt.


LaTeX Warning: `!h' float specifier changed to `!ht'.

[37] [38 </Users/meganchang/Desktop/Thesis/images/Constant_Extrapolation_1.png>
 </Users/meganchang/Desktop/Thesis/images/Constant_Extrapolation_2.png>]
Chapter 5.

</Users/meganchang/Desktop/Thesis/images/Advection_00.png, id=628, 624.3325pt x
 477.785pt>
File: /Users/meganchang/Desktop/Thesis/images/Advection_00.png Graphic file (ty
pe png)
 <use /Users/meganchang/Desktop/Thesis/images/Advection_00.png>
Package pdftex.def Info: /Users/meganchang/Desktop/Thesis/images/Advection_00.p
ng used on input line 801.
(pdftex.def)             Requested size: 177.7813pt x 136.0462pt.

</Users/meganchang/Desktop/Thesis/images/Advection_01.png, id=629, 608.2725pt x
 470.75874pt>
File: /Users/meganchang/Desktop/Thesis/images/Advection_01.png Graphic file (ty
pe png)
 <use /Users/meganchang/Desktop/Thesis/images/Advection_01.png>
Package pdftex.def Info: /Users/meganchang/Desktop/Thesis/images/Advection_01.p
ng used on input line 802.
(pdftex.def)             Requested size: 177.7813pt x 137.58684pt.

</Users/meganchang/Desktop/Thesis/images/Advection_02.png, id=630, 613.29124pt 
x 473.77pt>
File: /Users/meganchang/Desktop/Thesis/images/Advection_02.png Graphic file (ty
pe png)
 <use /Users/meganchang/Desktop/Thesis/images/Advection_02.png>
Package pdftex.def Info: /Users/meganchang/Desktop/Thesis/images/Advection_02.p
ng used on input line 803.
(pdftex.def)             Requested size: 177.7813pt x 137.33194pt.

</Users/meganchang/Desktop/Thesis/images/Advection_03.png, id=631, 611.28375pt 
x 474.77374pt>
File: /Users/meganchang/Desktop/Thesis/images/Advection_03.png Graphic file (ty
pe png)
 <use /Users/meganchang/Desktop/Thesis/images/Advection_03.png>
Package pdftex.def Info: /Users/meganchang/Desktop/Thesis/images/Advection_03.p
ng used on input line 804.
(pdftex.def)             Requested size: 177.7813pt x 138.0793pt.

</Users/meganchang/Desktop/Thesis/images/Advection_04.png, id=632, 610.28pt x 4
70.75874pt>
File: /Users/meganchang/Desktop/Thesis/images/Advection_04.png Graphic file (ty
pe png)
 <use /Users/meganchang/Desktop/Thesis/images/Advection_04.png>
Package pdftex.def Info: /Users/meganchang/Desktop/Thesis/images/Advection_04.p
ng used on input line 805.
(pdftex.def)             Requested size: 177.7813pt x 137.1343pt.


LaTeX Warning: `!h' float specifier changed to `!ht'.

[39

] [40 </Users/meganchang/Desktop/Thesis/images/Advection_00.png> </Users/meganc
hang/Desktop/Thesis/images/Advection_01.png> </Users/meganchang/Desktop/Thesis/
images/Advection_02.png> </Users/meganchang/Desktop/Thesis/images/Advection_03.
png> </Users/meganchang/Desktop/Thesis/images/Advection_04.png>]
</Users/meganchang/Desktop/Thesis/images/Dxplus.png, id=653, 607.26875pt x 268.
00125pt>
File: /Users/meganchang/Desktop/Thesis/images/Dxplus.png Graphic file (type png
)
 <use /Users/meganchang/Desktop/Thesis/images/Dxplus.png>
Package pdftex.def Info: /Users/meganchang/Desktop/Thesis/images/Dxplus.png use
d on input line 819.
(pdftex.def)             Requested size: 195.5635pt x 86.30603pt.

</Users/meganchang/Desktop/Thesis/images/Dxminus.png, id=654, 608.2725pt x 238.
8925pt>
File: /Users/meganchang/Desktop/Thesis/images/Dxminus.png Graphic file (type pn
g)
 <use /Users/meganchang/Desktop/Thesis/images/Dxminus.png>
Package pdftex.def Info: /Users/meganchang/Desktop/Thesis/images/Dxminus.png us
ed on input line 820.
(pdftex.def)             Requested size: 195.5635pt x 76.80438pt.

</Users/meganchang/Desktop/Thesis/images/WENO.png, id=656, 635.37375pt x 419.56
75pt>
File: /Users/meganchang/Desktop/Thesis/images/WENO.png Graphic file (type png)
 <use /Users/meganchang/Desktop/Thesis/images/WENO.png>
Package pdftex.def Info: /Users/meganchang/Desktop/Thesis/images/WENO.png used 
on input line 828.
(pdftex.def)             Requested size: 213.33891pt x 140.87769pt.


LaTeX Warning: `!h' float specifier changed to `!ht'.

[41 </Users/meganchang/Desktop/Thesis/images/Dxplus.png> </Users/meganchang/Des
ktop/Thesis/images/Dxminus.png>] [42 </Users/meganchang/Desktop/Thesis/images/W
ENO.png>] [43]
Overfull \hbox (13.82361pt too wide) in paragraph at lines 880--880
[]\OT1/cmr/bx/n/17.28 Accuracy of WENO Schemes for Com-put-ing First
 []

[44] [45]
</Users/meganchang/Desktop/Thesis/images/Discontinuous_x.png, id=695, 509.905pt
 x 375.4025pt>
File: /Users/meganchang/Desktop/Thesis/images/Discontinuous_x.png Graphic file 
(type png)

<use /Users/meganchang/Desktop/Thesis/images/Discontinuous_x.png>
Package pdftex.def Info: /Users/meganchang/Desktop/Thesis/images/Discontinuous_
x.png used on input line 938.
(pdftex.def)             Requested size: 213.33891pt x 157.06651pt.

</Users/meganchang/Desktop/Thesis/images/Discontinuous_x_contour.png, id=696, 4
84.81125pt x 391.4625pt>
File: /Users/meganchang/Desktop/Thesis/images/Discontinuous_x_contour.png Graph
ic file (type png)

<use /Users/meganchang/Desktop/Thesis/images/Discontinuous_x_contour.png>
Package pdftex.def Info: /Users/meganchang/Desktop/Thesis/images/Discontinuous_
x_contour.png used on input line 939.
(pdftex.def)             Requested size: 213.33891pt x 172.26195pt.

</Users/meganchang/Desktop/Thesis/images/Discontinuous_y.png, id=697, 505.89pt 
x 373.395pt>
File: /Users/meganchang/Desktop/Thesis/images/Discontinuous_y.png Graphic file 
(type png)
 <use /Users/meganchang/Desktop/Thesis/images/Discontinuous_y.png>
Package pdftex.def Info: /Users/meganchang/Desktop/Thesis/images/Discontinuous_
y.png used on input line 940.
(pdftex.def)             Requested size: 213.33891pt x 157.46864pt.

</Users/meganchang/Desktop/Thesis/images/Discontinuous_y_contour.png, id=698, 4
82.80376pt x 395.4775pt>
File: /Users/meganchang/Desktop/Thesis/images/Discontinuous_y_contour.png Graph
ic file (type png)

<use /Users/meganchang/Desktop/Thesis/images/Discontinuous_y_contour.png>
Package pdftex.def Info: /Users/meganchang/Desktop/Thesis/images/Discontinuous_
y_contour.png used on input line 941.
(pdftex.def)             Requested size: 213.33891pt x 174.75287pt.


LaTeX Warning: `!h' float specifier changed to `!ht'.


</Users/meganchang/Desktop/Thesis/images/Compute_Dx.png, id=699, 501.875pt x 38
1.425pt>
File: /Users/meganchang/Desktop/Thesis/images/Compute_Dx.png Graphic file (type
 png)
 <use /Users/meganchang/Desktop/Thesis/images/Compute_Dx.png>
Package pdftex.def Info: /Users/meganchang/Desktop/Thesis/images/Compute_Dx.png
 used on input line 948.
(pdftex.def)             Requested size: 213.33891pt x 162.1413pt.

</Users/meganchang/Desktop/Thesis/images/Compute_Dx_contour.png, id=700, 479.79
25pt x 393.47pt>
File: /Users/meganchang/Desktop/Thesis/images/Compute_Dx_contour.png Graphic fi
le (type png)

<use /Users/meganchang/Desktop/Thesis/images/Compute_Dx_contour.png>
Package pdftex.def Info: /Users/meganchang/Desktop/Thesis/images/Compute_Dx_con
tour.png used on input line 949.
(pdftex.def)             Requested size: 213.33891pt x 174.9585pt.

</Users/meganchang/Desktop/Thesis/images/Compute_Dy.png, id=701, 498.86375pt x 
375.4025pt>
File: /Users/meganchang/Desktop/Thesis/images/Compute_Dy.png Graphic file (type
 png)
 <use /Users/meganchang/Desktop/Thesis/images/Compute_Dy.png>
Package pdftex.def Info: /Users/meganchang/Desktop/Thesis/images/Compute_Dy.png
 used on input line 950.
(pdftex.def)             Requested size: 213.33891pt x 160.53778pt.

</Users/meganchang/Desktop/Thesis/images/Compute_Dy_contour.png, id=702, 475.77
75pt x 388.45125pt>
File: /Users/meganchang/Desktop/Thesis/images/Compute_Dy_contour.png Graphic fi
le (type png)

<use /Users/meganchang/Desktop/Thesis/images/Compute_Dy_contour.png>
Package pdftex.def Info: /Users/meganchang/Desktop/Thesis/images/Compute_Dy_con
tour.png used on input line 951.
(pdftex.def)             Requested size: 213.33891pt x 174.185pt.


LaTeX Warning: `!h' float specifier changed to `!ht'.

[46] [47 </Users/meganchang/Desktop/Thesis/images/Discontinuous_x.png> </Users/
meganchang/Desktop/Thesis/images/Discontinuous_x_contour.png> </Users/meganchan
g/Desktop/Thesis/images/Discontinuous_y.png> </Users/meganchang/Desktop/Thesis/
images/Discontinuous_y_contour.png>] [48 </Users/meganchang/Desktop/Thesis/imag
es/Compute_Dx.png> </Users/meganchang/Desktop/Thesis/images/Compute_Dx_contour.
png> </Users/meganchang/Desktop/Thesis/images/Compute_Dy.png> </Users/meganchan
g/Desktop/Thesis/images/Compute_Dy_contour.png>]
Overfull \hbox (4.8177pt too wide) in paragraph at lines 1011--1011
[]\OT1/cmr/bx/n/17.28 Total Vari-a-tion Di-min-ish-ing Runge-Kutta (TVD
 []

[49

] [50]
</Users/meganchang/Desktop/Thesis/images/Vortex.png, id=748, 482.80376pt x 384.
43625pt>
File: /Users/meganchang/Desktop/Thesis/images/Vortex.png Graphic file (type png
)
 <use /Users/meganchang/Desktop/Thesis/images/Vortex.png>
Package pdftex.def Info: /Users/meganchang/Desktop/Thesis/images/Vortex.png use
d on input line 1045.
(pdftex.def)             Requested size: 177.78001pt x 176.40872pt.

</Users/meganchang/Desktop/Thesis/images/Overlap.png, id=749, 469.755pt x 386.4
4376pt>
File: /Users/meganchang/Desktop/Thesis/images/Overlap.png Graphic file (type pn
g)
 <use /Users/meganchang/Desktop/Thesis/images/Overlap.png>
Package pdftex.def Info: /Users/meganchang/Desktop/Thesis/images/Overlap.png us
ed on input line 1046.
(pdftex.def)             Requested size: 177.77763pt x 176.40416pt.

</Users/meganchang/Desktop/Thesis/images/Vortex_101.png, id=751, 591.20876pt x 
470.75874pt>
File: /Users/meganchang/Desktop/Thesis/images/Vortex_101.png Graphic file (type
 png)
 <use /Users/meganchang/Desktop/Thesis/images/Vortex_101.png>
Package pdftex.def Info: /Users/meganchang/Desktop/Thesis/images/Vortex_101.png
 used on input line 1053.
(pdftex.def)             Requested size: 177.77896pt x 176.4048pt.

./Thesis Report.tex:1056: Extra }, or forgotten \endgroup.
\@endfloatbox ...pagefalse \outer@nobreak \egroup 
                                                  \color@endbox 
l.1056 \end{figure}
                   
I've deleted a group-closing symbol because it seems to be
spurious, as in `$x}$'. But perhaps the } is legitimate and
you forgot something else, as in `\hbox{$x}'. In such cases
the way to recover is to insert both the forgotten and the
deleted material, e.g., by typing `I$}'.

[51] [52 </Users/meganchang/Desktop/Thesis/images/Vortex.png> </Users/meganchan
g/Desktop/Thesis/images/Overlap.png> </Users/meganchang/Desktop/Thesis/images/V
ortex_101.png>] [53]
Chapter 6.

Underfull \hbox (badness 10000) in paragraph at lines 1096--1097

 []

[54

] [55] [56]
</Users/meganchang/Desktop/Thesis/images/Snowflake_Time_0.png, id=823, 731.7337
5pt x 563.10374pt>
File: /Users/meganchang/Desktop/Thesis/images/Snowflake_Time_0.png Graphic file
 (type png)

<use /Users/meganchang/Desktop/Thesis/images/Snowflake_Time_0.png>
Package pdftex.def Info: /Users/meganchang/Desktop/Thesis/images/Snowflake_Time
_0.png used on input line 1153.
(pdftex.def)             Requested size: 159.99937pt x 153.64679pt.

</Users/meganchang/Desktop/Thesis/images/Snowflake_A_1.png, id=824, 485.815pt x
 468.75125pt>
File: /Users/meganchang/Desktop/Thesis/images/Snowflake_A_1.png Graphic file (t
ype png)
 <use /Users/meganchang/Desktop/Thesis/images/Snowflake_A_1.png>
Package pdftex.def Info: /Users/meganchang/Desktop/Thesis/images/Snowflake_A_1.
png used on input line 1154.
(pdftex.def)             Requested size: 155.56372pt x 150.09644pt.

</Users/meganchang/Desktop/Thesis/images/Snowflake_A_2.png, id=825, 583.17876pt
 x 559.08875pt>
File: /Users/meganchang/Desktop/Thesis/images/Snowflake_A_2.png Graphic file (t
ype png)

<use /Users/meganchang/Desktop/Thesis/images/Snowflake_A_2.png>
Package pdftex.def Info: /Users/meganchang/Desktop/Thesis/images/Snowflake_A_2.
png used on input line 1155.
(pdftex.def)             Requested size: 160.00589pt x 153.39584pt.

</Users/meganchang/Desktop/Thesis/images/Snowflake_A_3.png, id=826, 581.17125pt
 x 559.08875pt>
File: /Users/meganchang/Desktop/Thesis/images/Snowflake_A_3.png Graphic file (t
ype png)

<use /Users/meganchang/Desktop/Thesis/images/Snowflake_A_3.png>
Package pdftex.def Info: /Users/meganchang/Desktop/Thesis/images/Snowflake_A_3.
png used on input line 1156.
(pdftex.def)             Requested size: 160.00589pt x 153.92476pt.

</Users/meganchang/Desktop/Thesis/images/Snowflake_A_4.png, id=827, 485.815pt x
 464.73625pt>
File: /Users/meganchang/Desktop/Thesis/images/Snowflake_A_4.png Graphic file (t
ype png)
 <use /Users/meganchang/Desktop/Thesis/images/Snowflake_A_4.png>
Package pdftex.def Info: /Users/meganchang/Desktop/Thesis/images/Snowflake_A_4.
png used on input line 1157.
(pdftex.def)             Requested size: 160.00589pt x 153.0585pt.

</Users/meganchang/Desktop/Thesis/images/Snowflake_A_5.png, id=828, 579.16376pt
 x 561.09625pt>
File: /Users/meganchang/Desktop/Thesis/images/Snowflake_A_5.png Graphic file (t
ype png)

<use /Users/meganchang/Desktop/Thesis/images/Snowflake_A_5.png>
Package pdftex.def Info: /Users/meganchang/Desktop/Thesis/images/Snowflake_A_5.
png used on input line 1158.
(pdftex.def)             Requested size: 160.00589pt x 155.00827pt.
File: /Users/meganchang/Desktop/Thesis/images/Snowflake_Time_0.png Graphic file
 (type png)

<use /Users/meganchang/Desktop/Thesis/images/Snowflake_Time_0.png>
Package pdftex.def Info: /Users/meganchang/Desktop/Thesis/images/Snowflake_Time
_0.png used on input line 1165.
(pdftex.def)             Requested size: 159.99937pt x 153.64679pt.

</Users/meganchang/Desktop/Thesis/images/Snowflake_B_1.png, id=829, 579.16376pt
 x 562.1pt>
File: /Users/meganchang/Desktop/Thesis/images/Snowflake_B_1.png Graphic file (t
ype png)
 <use /Users/meganchang/Desktop/Thesis/images/Snowflake_B_1.png>
Package pdftex.def Info: /Users/meganchang/Desktop/Thesis/images/Snowflake_B_1.
png used on input line 1166.
(pdftex.def)             Requested size: 160.00589pt x 155.28557pt.

</Users/meganchang/Desktop/Thesis/images/Snowflake_B_2.png, id=830, 582.175pt x
 561.09625pt>
File: /Users/meganchang/Desktop/Thesis/images/Snowflake_B_2.png Graphic file (t
ype png)
 <use /Users/meganchang/Desktop/Thesis/images/Snowflake_B_2.png>
Package pdftex.def Info: /Users/meganchang/Desktop/Thesis/images/Snowflake_B_2.
png used on input line 1167.
(pdftex.def)             Requested size: 160.00589pt x 154.21204pt.

</Users/meganchang/Desktop/Thesis/images/Snowflake_B_3.png, id=831, 584.1825pt 
x 559.08875pt>
File: /Users/meganchang/Desktop/Thesis/images/Snowflake_B_3.png Graphic file (t
ype png)
 <use /Users/meganchang/Desktop/Thesis/images/Snowflake_B_3.png>
Package pdftex.def Info: /Users/meganchang/Desktop/Thesis/images/Snowflake_B_3.
png used on input line 1168.
(pdftex.def)             Requested size: 160.00589pt x 153.13138pt.

</Users/meganchang/Desktop/Thesis/images/Snowflake_B_4.png, id=832, 582.175pt x
 557.08125pt>
File: /Users/meganchang/Desktop/Thesis/images/Snowflake_B_4.png Graphic file (t
ype png)
 <use /Users/meganchang/Desktop/Thesis/images/Snowflake_B_4.png>
Package pdftex.def Info: /Users/meganchang/Desktop/Thesis/images/Snowflake_B_4.
png used on input line 1169.
(pdftex.def)             Requested size: 160.00589pt x 153.10857pt.

</Users/meganchang/Desktop/Thesis/images/Snowflake_B_5.png, id=833, 579.16376pt
 x 560.0925pt>
File: /Users/meganchang/Desktop/Thesis/images/Snowflake_B_5.png Graphic file (t
ype png)
 <use /Users/meganchang/Desktop/Thesis/images/Snowflake_B_5.png>
Package pdftex.def Info: /Users/meganchang/Desktop/Thesis/images/Snowflake_B_5.
png used on input line 1170.
(pdftex.def)             Requested size: 160.00589pt x 154.73097pt.
File: /Users/meganchang/Desktop/Thesis/images/Snowflake_Time_0.png Graphic file
 (type png)

<use /Users/meganchang/Desktop/Thesis/images/Snowflake_Time_0.png>
Package pdftex.def Info: /Users/meganchang/Desktop/Thesis/images/Snowflake_Time
_0.png used on input line 1178.
(pdftex.def)             Requested size: 159.99937pt x 153.64679pt.

</Users/meganchang/Desktop/Thesis/images/Snowflake_C_1.png, id=834, 577.15625pt
 x 552.0625pt>
File: /Users/meganchang/Desktop/Thesis/images/Snowflake_C_1.png Graphic file (t
ype png)
 <use /Users/meganchang/Desktop/Thesis/images/Snowflake_C_1.png>
Package pdftex.def Info: /Users/meganchang/Desktop/Thesis/images/Snowflake_C_1.
png used on input line 1179.
(pdftex.def)             Requested size: 160.00589pt x 153.05173pt.

</Users/meganchang/Desktop/Thesis/images/Snowflake_C_2.png, id=835, 580.1675pt 
x 559.08875pt>
File: /Users/meganchang/Desktop/Thesis/images/Snowflake_C_2.png Graphic file (t
ype png)
 <use /Users/meganchang/Desktop/Thesis/images/Snowflake_C_2.png>
Package pdftex.def Info: /Users/meganchang/Desktop/Thesis/images/Snowflake_C_2.
png used on input line 1180.
(pdftex.def)             Requested size: 160.00589pt x 154.18922pt.

</Users/meganchang/Desktop/Thesis/images/Snowflake_C_3.png, id=836, 582.175pt x
 557.08125pt>
File: /Users/meganchang/Desktop/Thesis/images/Snowflake_C_3.png Graphic file (t
ype png)
 <use /Users/meganchang/Desktop/Thesis/images/Snowflake_C_3.png>
Package pdftex.def Info: /Users/meganchang/Desktop/Thesis/images/Snowflake_C_3.
png used on input line 1181.
(pdftex.def)             Requested size: 160.00589pt x 153.10857pt.

</Users/meganchang/Desktop/Thesis/images/Snowflake_C_4.png, id=837, 511.9125pt 
x 492.84125pt>
File: /Users/meganchang/Desktop/Thesis/images/Snowflake_C_4.png Graphic file (t
ype png)
 <use /Users/meganchang/Desktop/Thesis/images/Snowflake_C_4.png>
Package pdftex.def Info: /Users/meganchang/Desktop/Thesis/images/Snowflake_C_4.
png used on input line 1182.
(pdftex.def)             Requested size: 160.00589pt x 154.04259pt.

</Users/meganchang/Desktop/Thesis/images/Snowflake_C_5.png, id=838, 581.17125pt
 x 562.1pt>
File: /Users/meganchang/Desktop/Thesis/images/Snowflake_C_5.png Graphic file (t
ype png)
 <use /Users/meganchang/Desktop/Thesis/images/Snowflake_C_5.png>
Package pdftex.def Info: /Users/meganchang/Desktop/Thesis/images/Snowflake_C_5.
png used on input line 1183.
(pdftex.def)             Requested size: 160.00589pt x 154.7538pt.

</Users/meganchang/Desktop/Thesis/images/Snowflake_Ayo.png, id=839, 588.1975pt 
x 561.09625pt>
File: /Users/meganchang/Desktop/Thesis/images/Snowflake_Ayo.png Graphic file (t
ype png)
 <use /Users/meganchang/Desktop/Thesis/images/Snowflake_Ayo.png>
Package pdftex.def Info: /Users/meganchang/Desktop/Thesis/images/Snowflake_Ayo.
png used on input line 1190.
(pdftex.def)             Requested size: 213.33891pt x 203.5099pt.

./Thesis Report.tex:1193: Extra }, or forgotten \endgroup.
\@endfloatbox ...pagefalse \outer@nobreak \egroup 
                                                  \color@endbox 
l.1193 \end{figure}
                   
I've deleted a group-closing symbol because it seems to be
spurious, as in `$x}$'. But perhaps the } is legitimate and
you forgot something else, as in `\hbox{$x}'. In such cases
the way to recover is to insert both the forgotten and the
deleted material, e.g., by typing `I$}'.


</Users/meganchang/Desktop/Thesis/images/Snowflake_Diffusion_1.png, id=841, 581
.17125pt x 561.09625pt>
File: /Users/meganchang/Desktop/Thesis/images/Snowflake_Diffusion_1.png Graphic
 file (type png)

<use /Users/meganchang/Desktop/Thesis/images/Snowflake_Diffusion_1.png>
Package pdftex.def Info: /Users/meganchang/Desktop/Thesis/images/Snowflake_Diff
usion_1.png used on input line 1197.
(pdftex.def)             Requested size: 177.7813pt x 171.64352pt.

</Users/meganchang/Desktop/Thesis/images/Snowflake_Diffusion_2.png, id=842, 583
.17876pt x 560.0925pt>
File: /Users/meganchang/Desktop/Thesis/images/Snowflake_Diffusion_2.png Graphic
 file (type png)

<use /Users/meganchang/Desktop/Thesis/images/Snowflake_Diffusion_2.png>
Package pdftex.def Info: /Users/meganchang/Desktop/Thesis/images/Snowflake_Diff
usion_2.png used on input line 1198.
(pdftex.def)             Requested size: 177.7813pt x 170.73822pt.

</Users/meganchang/Desktop/Thesis/images/Snowflake_Diffusion_3.png, id=843, 584
.1825pt x 560.0925pt>
File: /Users/meganchang/Desktop/Thesis/images/Snowflake_Diffusion_3.png Graphic
 file (type png)

<use /Users/meganchang/Desktop/Thesis/images/Snowflake_Diffusion_3.png>
Package pdftex.def Info: /Users/meganchang/Desktop/Thesis/images/Snowflake_Diff
usion_3.png used on input line 1199.
(pdftex.def)             Requested size: 177.7813pt x 170.44765pt.

</Users/meganchang/Desktop/Thesis/images/Snowflake_Diffusion_4.png, id=844, 581
.17125pt x 560.0925pt>
File: /Users/meganchang/Desktop/Thesis/images/Snowflake_Diffusion_4.png Graphic
 file (type png)

<use /Users/meganchang/Desktop/Thesis/images/Snowflake_Diffusion_4.png>
Package pdftex.def Info: /Users/meganchang/Desktop/Thesis/images/Snowflake_Diff
usion_4.png used on input line 1200.
(pdftex.def)             Requested size: 177.7813pt x 171.33646pt.

[57] [58 </Users/meganchang/Desktop/Thesis/images/Snowflake_Time_0.png> </Users
/meganchang/Desktop/Thesis/images/Snowflake_A_1.png> </Users/meganchang/Desktop
/Thesis/images/Snowflake_A_2.png> </Users/meganchang/Desktop/Thesis/images/Snow
flake_A_3.png> </Users/meganchang/Desktop/Thesis/images/Snowflake_A_4.png> </Us
ers/meganchang/Desktop/Thesis/images/Snowflake_A_5.png>] [59 </Users/meganchang
/Desktop/Thesis/images/Snowflake_B_1.png> </Users/meganchang/Desktop/Thesis/ima
ges/Snowflake_B_2.png> </Users/meganchang/Desktop/Thesis/images/Snowflake_B_3.p
ng> </Users/meganchang/Desktop/Thesis/images/Snowflake_B_4.png> </Users/meganch
ang/Desktop/Thesis/images/Snowflake_B_5.png>] [60 </Users/meganchang/Desktop/Th
esis/images/Snowflake_C_1.png> </Users/meganchang/Desktop/Thesis/images/Snowfla
ke_C_2.png> </Users/meganchang/Desktop/Thesis/images/Snowflake_C_3.png> </Users
/meganchang/Desktop/Thesis/images/Snowflake_C_4.png> </Users/meganchang/Desktop
/Thesis/images/Snowflake_C_5.png>] [61 </Users/meganchang/Desktop/Thesis/images
/Snowflake_Ayo.png>] [62 </Users/meganchang/Desktop/Thesis/images/Snowflake_Dif
fusion_1.png> </Users/meganchang/Desktop/Thesis/images/Snowflake_Diffusion_2.pn
g> </Users/meganchang/Desktop/Thesis/images/Snowflake_Diffusion_3.png> </Users/
meganchang/Desktop/Thesis/images/Snowflake_Diffusion_4.png>]
Chapter 7.
[63

]
Overfull \hbox (11.74988pt too wide) detected at line 1223
$\OML/cmm/m/it/12 :\OT1/cmr/m/n/12 16$ 
 []


Overfull \hbox (9.79156pt too wide) detected at line 1224
$\OML/cmm/m/it/12 :\OT1/cmr/m/n/12 08%$ 
 []


Overfull \hbox (11.74988pt too wide) detected at line 1224
$\OML/cmm/m/it/12 :\OT1/cmr/m/n/12 22$ 
 []


Overfull \hbox (9.79156pt too wide) detected at line 1225
$\OML/cmm/m/it/12 :\OT1/cmr/m/n/12 62%$ 
 []


Overfull \hbox (11.74988pt too wide) detected at line 1225
$\OML/cmm/m/it/12 :\OT1/cmr/m/n/12 05$ 
 []


Overfull \hbox (9.79156pt too wide) detected at line 1226
$\OML/cmm/m/it/12 :\OT1/cmr/m/n/12 41%$ 
 []


Overfull \hbox (11.74988pt too wide) detected at line 1226
$\OML/cmm/m/it/12 :\OT1/cmr/m/n/12 56$ 
 []


Overfull \hbox (9.79156pt too wide) detected at line 1227
$\OML/cmm/m/it/12 :\OT1/cmr/m/n/12 69%$ 
 []


Overfull \hbox (11.74988pt too wide) detected at line 1227
$\OML/cmm/m/it/12 :\OT1/cmr/m/n/12 42$ 
 []


Overfull \hbox (9.79156pt too wide) detected at line 1228
$\OML/cmm/m/it/12 :\OT1/cmr/m/n/12 80%$ 
 []


</Users/meganchang/Desktop/Thesis/images/Diffusion_Faster.png, id=921, 591.2087
6pt x 381.425pt>
File: /Users/meganchang/Desktop/Thesis/images/Diffusion_Faster.png Graphic file
 (type png)

<use /Users/meganchang/Desktop/Thesis/images/Diffusion_Faster.png>
Package pdftex.def Info: /Users/meganchang/Desktop/Thesis/images/Diffusion_Fast
er.png used on input line 1235.
(pdftex.def)             Requested size: 213.33891pt x 137.63881pt.


LaTeX Warning: `h' float specifier changed to `ht'.

[64] [65 </Users/meganchang/Desktop/Thesis/images/Diffusion_Faster.png>]
</Users/meganchang/Desktop/Thesis/images/Ghost_Point_Matrix.png, id=934, 934.49
126pt x 555.07375pt>
File: /Users/meganchang/Desktop/Thesis/images/Ghost_Point_Matrix.png Graphic fi
le (type png)

<use /Users/meganchang/Desktop/Thesis/images/Ghost_Point_Matrix.png>
Package pdftex.def Info: /Users/meganchang/Desktop/Thesis/images/Ghost_Point_Ma
trix.png used on input line 1301.
(pdftex.def)             Requested size: 377.79375pt x 224.40555pt.
 [66 </Users/meganchang/Desktop/Thesis/images/Ghost_Point_Matrix.png>] [67]
Overfull \hbox (11.74988pt too wide) detected at line 1333
$\OML/cmm/m/it/12 :\OT1/cmr/m/n/12 39$ 
 []


Overfull \hbox (9.79156pt too wide) detected at line 1334
$\OML/cmm/m/it/12 :\OT1/cmr/m/n/12 52%$ 
 []


Overfull \hbox (11.74988pt too wide) detected at line 1334
$\OML/cmm/m/it/12 :\OT1/cmr/m/n/12 60$ 
 []


Overfull \hbox (9.79156pt too wide) detected at line 1335
$\OML/cmm/m/it/12 :\OT1/cmr/m/n/12 56%$ 
 []


Overfull \hbox (11.74988pt too wide) detected at line 1335
$\OML/cmm/m/it/12 :\OT1/cmr/m/n/12 64$ 
 []


Overfull \hbox (9.79156pt too wide) detected at line 1336
$\OML/cmm/m/it/12 :\OT1/cmr/m/n/12 62%$ 
 []


Overfull \hbox (11.74988pt too wide) detected at line 1336
$\OML/cmm/m/it/12 :\OT1/cmr/m/n/12 79$ 
 []


Overfull \hbox (9.79156pt too wide) detected at line 1337
$\OML/cmm/m/it/12 :\OT1/cmr/m/n/12 56%$ 
 []


Overfull \hbox (11.74988pt too wide) detected at line 1337
$\OML/cmm/m/it/12 :\OT1/cmr/m/n/12 99$ 
 []


Overfull \hbox (9.79156pt too wide) detected at line 1338
$\OML/cmm/m/it/12 :\OT1/cmr/m/n/12 54%$ 
 []


Overfull \hbox (11.74988pt too wide) detected at line 1349
$\OML/cmm/m/it/12 :\OT1/cmr/m/n/12 44$ 
 []


Overfull \hbox (9.79156pt too wide) detected at line 1350
$\OML/cmm/m/it/12 :\OT1/cmr/m/n/12 28%$ 
 []


Overfull \hbox (11.74988pt too wide) detected at line 1350
$\OML/cmm/m/it/12 :\OT1/cmr/m/n/12 49$ 
 []


Overfull \hbox (9.79156pt too wide) detected at line 1351
$\OML/cmm/m/it/12 :\OT1/cmr/m/n/12 30%$ 
 []


Overfull \hbox (11.74988pt too wide) detected at line 1351
$\OML/cmm/m/it/12 :\OT1/cmr/m/n/12 79$ 
 []


Overfull \hbox (9.79156pt too wide) detected at line 1352
$\OML/cmm/m/it/12 :\OT1/cmr/m/n/12 31%$ 
 []


Overfull \hbox (11.74988pt too wide) detected at line 1352
$\OML/cmm/m/it/12 :\OT1/cmr/m/n/12 36$ 
 []


Overfull \hbox (9.79156pt too wide) detected at line 1353
$\OML/cmm/m/it/12 :\OT1/cmr/m/n/12 35%$ 
 []


Overfull \hbox (11.74988pt too wide) detected at line 1353
$\OML/cmm/m/it/12 :\OT1/cmr/m/n/12 61$ 
 []


Overfull \hbox (9.79156pt too wide) detected at line 1354
$\OML/cmm/m/it/12 :\OT1/cmr/m/n/12 32%$ 
 []


Overfull \hbox (11.74988pt too wide) detected at line 1364
$\OML/cmm/m/it/12 :\OT1/cmr/m/n/12 41$ 
 []


Overfull \hbox (9.79156pt too wide) detected at line 1365
$\OML/cmm/m/it/12 :\OT1/cmr/m/n/12 88%$ 
 []


Overfull \hbox (11.74988pt too wide) detected at line 1365
$\OML/cmm/m/it/12 :\OT1/cmr/m/n/12 50$ 
 []


Overfull \hbox (9.79156pt too wide) detected at line 1366
$\OML/cmm/m/it/12 :\OT1/cmr/m/n/12 93%$ 
 []


Overfull \hbox (11.74988pt too wide) detected at line 1366
$\OML/cmm/m/it/12 :\OT1/cmr/m/n/12 32$ 
 []


Overfull \hbox (9.79156pt too wide) detected at line 1367
$\OML/cmm/m/it/12 :\OT1/cmr/m/n/12 01%$ 
 []


Overfull \hbox (11.74988pt too wide) detected at line 1367
$\OML/cmm/m/it/12 :\OT1/cmr/m/n/12 58$ 
 []


Overfull \hbox (9.79156pt too wide) detected at line 1368
$\OML/cmm/m/it/12 :\OT1/cmr/m/n/12 98%$ 
 []


Overfull \hbox (11.74988pt too wide) detected at line 1368
$\OML/cmm/m/it/12 :\OT1/cmr/m/n/12 39$ 
 []


Overfull \hbox (9.79156pt too wide) detected at line 1369
$\OML/cmm/m/it/12 :\OT1/cmr/m/n/12 01%$ 
 []

[68] [69]
Chapter 8.
[70

] [71] [72]
Chapter 9.
./Thesis Report.tex:1443: Missing number, treated as zero.
<to be read again> 
                   [
l.1443 \parindent[
                  1] F. Gibou, R. Fedkiw, L.Cheng, and M. Kang, A second-ord...
A number should have been here; I inserted `0'.
(If you can't figure out why I needed to see a number,
look up `weird error' in the index to The TeXbook.)

./Thesis Report.tex:1443: Illegal unit of measure (pt inserted).
<to be read again> 
                   [
l.1443 \parindent[
                  1] F. Gibou, R. Fedkiw, L.Cheng, and M. Kang, A second-ord...
Dimensions can be in units of em, ex, in, pt, pc,
cm, mm, dd, cc, nd, nc, bp, or sp; but yours is a new one!
I'll assume that you meant to say pt, for printer's points.
To recover gracefully from this error, it's best to
delete the erroneous units; e.g., type `2' to delete
two letters. (See Chapter 27 of The TeXbook.)


Underfull \hbox (badness 10000) in paragraph at lines 1443--1444

 []


Underfull \hbox (badness 10000) in paragraph at lines 1445--1446

 []


Underfull \hbox (badness 10000) in paragraph at lines 1447--1448

 []


Underfull \hbox (badness 10000) in paragraph at lines 1449--1450

 []


Underfull \hbox (badness 10000) in paragraph at lines 1451--1452

 []


Underfull \hbox (badness 10000) in paragraph at lines 1453--1454

 []


Underfull \hbox (badness 10000) in paragraph at lines 1455--1456

 []


Underfull \hbox (badness 10000) in paragraph at lines 1457--1458

 []


Underfull \hbox (badness 10000) in paragraph at lines 1459--1460

 []


./Thesis Report.tex:1461: LaTeX Error: \begin{mainmatter} on input line 74 ende
d by \end{document}.

See the LaTeX manual or LaTeX Companion for explanation.
Type  H <return>  for immediate help.
 ...                                              
                                                  
l.1461 \end{document}
                     
Your command was ignored.
Type  I <command> <return>  to replace it with another command,
or  <return>  to continue without it.

Package atveryend Info: Empty hook `BeforeClearDocument' on input line 1461.
[73

]
Package atveryend Info: Empty hook `AfterLastShipout' on input line 1461.
 (./Thesis Report.aux)
Package atveryend Info: Executing hook `AtVeryEndDocument' on input line 1461.
Package atveryend Info: Executing hook `AtEndAfterFileList' on input line 1461.

Package rerunfilecheck Info: File `"Thesis Report".out' has not changed.
(rerunfilecheck)             Checksum: F4711B8214337D594C62E7F383228BFA;1605.
Package atveryend Info: Empty hook `AtVeryVeryEnd' on input line 1461.
 )
(\end occurred inside a group at level 1)

### semi simple group (level 1) entered at line 74 (\begingroup)
### bottom level 
Here is how much of TeX's memory you used:
 8518 strings out of 493014
 138218 string characters out of 6133351
 218133 words of memory out of 5000000
 11545 multiletter control sequences out of 15000+600000
 16939 words of font info for 64 fonts, out of 8000000 for 9000
 1141 hyphenation exceptions out of 8191
 29i,15n,43p,1544b,1011s stack positions out of 5000i,500n,10000p,200000b,80000s
</usr/local/texlive/2016/texmf-dist/fonts/type1/public/amsfonts
/cmextra/cmbsy8.pfb></usr/local/texlive/2016/texmf-dist/fonts/type1/public/amsf
onts/cm/cmbx12.pfb></usr/local/texlive/2016/texmf-dist/fonts/type1/public/amsfo
nts/cm/cmbx6.pfb></usr/local/texlive/2016/texmf-dist/fonts/type1/public/amsfont
s/cm/cmbx8.pfb></usr/local/texlive/2016/texmf-dist/fonts/type1/public/amsfonts/
cm/cmex10.pfb></usr/local/texlive/2016/texmf-dist/fonts/type1/public/amsfonts/c
m/cmmi10.pfb></usr/local/texlive/2016/texmf-dist/fonts/type1/public/amsfonts/cm
/cmmi12.pfb></usr/local/texlive/2016/texmf-dist/fonts/type1/public/amsfonts/cm/
cmmi6.pfb></usr/local/texlive/2016/texmf-dist/fonts/type1/public/amsfonts/cm/cm
mi7.pfb></usr/local/texlive/2016/texmf-dist/fonts/type1/public/amsfonts/cm/cmmi
8.pfb></usr/local/texlive/2016/texmf-dist/fonts/type1/public/amsfonts/cm/cmmib1
0.pfb></usr/local/texlive/2016/texmf-dist/fonts/type1/public/amsfonts/cmextra/c
mmib6.pfb></usr/local/texlive/2016/texmf-dist/fonts/type1/public/amsfonts/cmext
ra/cmmib8.pfb></usr/local/texlive/2016/texmf-dist/fonts/type1/public/amsfonts/c
m/cmr10.pfb></usr/local/texlive/2016/texmf-dist/fonts/type1/public/amsfonts/cm/
cmr12.pfb></usr/local/texlive/2016/texmf-dist/fonts/type1/public/amsfonts/cm/cm
r6.pfb></usr/local/texlive/2016/texmf-dist/fonts/type1/public/amsfonts/cm/cmr7.
pfb></usr/local/texlive/2016/texmf-dist/fonts/type1/public/amsfonts/cm/cmr8.pfb
></usr/local/texlive/2016/texmf-dist/fonts/type1/public/amsfonts/cm/cmss10.pfb>
</usr/local/texlive/2016/texmf-dist/fonts/type1/public/amsfonts/cm/cmsy10.pfb><
/usr/local/texlive/2016/texmf-dist/fonts/type1/public/amsfonts/cm/cmsy7.pfb></u
sr/local/texlive/2016/texmf-dist/fonts/type1/public/amsfonts/cm/cmsy8.pfb></usr
/local/texlive/2016/texmf-dist/fonts/type1/public/amsfonts/cm/cmti12.pfb></usr/
local/texlive/2016/texmf-dist/fonts/type1/public/amsfonts/cm/cmtt12.pfb>
Output written on "Thesis Report.pdf" (81 pages, 16822558 bytes).
PDF statistics:
 1128 PDF objects out of 1200 (max. 8388607)
 858 compressed objects within 9 object streams
 319 named destinations out of 1000 (max. 500000)
 562 words of extra memory for PDF output out of 10000 (max. 10000000)

